Oct 24 23:58:12 Updated: nss-util-3.28.4-3.53.amzn1.x86_64
Oct 24 23:58:12 Updated: krb5-libs-1.15.1-8.43.amzn1.x86_64
Oct 24 23:58:12 Updated: nss-softokn-freebl-3.28.3-8.41.amzn1.x86_64
Oct 24 23:58:12 Updated: nss-softokn-3.28.3-8.41.amzn1.x86_64
Oct 24 23:58:12 Updated: nss-sysinit-3.28.4-12.80.amzn1.x86_64
Oct 24 23:58:12 Installed: nss-pem-1.0.3-4.3.amzn1.x86_64
Oct 24 23:58:12 Updated: nss-3.28.4-12.80.amzn1.x86_64
Oct 24 23:58:12 Updated: libcurl-7.53.1-10.77.amzn1.x86_64
Oct 24 23:58:13 Updated: curl-7.53.1-10.77.amzn1.x86_64
Oct 24 23:58:13 Updated: nss-tools-3.28.4-12.80.amzn1.x86_64
Oct 24 23:58:18 Updated: amazon-ssm-agent-2.2.16.0-1.amzn1.x86_64
Oct 24 23:58:18 Updated: aws-cfn-bootstrap-1.4-24.16.amzn1.noarch
Oct 25 00:00:58 Installed: apr-1.5.1-1.12.amzn1.x86_64
Oct 25 00:00:58 Installed: apr-util-1.4.1-4.17.amzn1.x86_64
Oct 25 00:00:58 Installed: compat-gmp4-4.3.2-1.14.amzn1.x86_64
Oct 25 00:00:58 Installed: php-common-5.3.29-1.8.amzn1.x86_64
Oct 25 00:00:58 Installed: php-cli-5.3.29-1.8.amzn1.x86_64
Oct 25 00:00:58 Installed: httpd-tools-2.2.34-1.15.amzn1.x86_64
Oct 25 00:00:58 Installed: apr-util-ldap-1.4.1-4.17.amzn1.x86_64
Oct 25 00:00:58 Installed: httpd-2.2.34-1.15.amzn1.x86_64
Oct 25 00:00:58 Installed: php-5.3.29-1.8.amzn1.x86_64
Oct 25 00:01:07 Installed: mysql55-libs-5.5.57-1.18.amzn1.x86_64
Oct 25 00:01:07 Installed: postgresql92-libs-9.2.22-1.61.amzn1.x86_64
Oct 25 00:01:07 Installed: 2:postfix-2.6.6-2.15.amzn1.x86_64
Oct 25 00:06:54 Installed: 1:dovecot-2.2.10-5.17.amzn1.x86_64
Oct 25 00:11:24 Installed: hunspell-1.2.8-16.2.amzn1.x86_64
Oct 25 00:11:24 Installed: hunspell-en-0.20090216-7.1.2.amzn1.noarch
Oct 25 00:11:24 Installed: php-xml-5.3.29-1.8.amzn1.x86_64
Oct 25 00:11:24 Installed: php-mbstring-5.3.29-1.8.amzn1.x86_64
Oct 25 00:11:24 Installed: php-process-5.3.29-1.8.amzn1.x86_64
Oct 25 00:11:24 Installed: 1:php-pear-1.10.1-1.19.amzn1.noarch
Oct 25 00:11:24 Installed: php-pear-DB-1.7.13-3.2.amzn1.noarch
Oct 25 00:11:25 Installed: squirrelmail-1.4.22-5.el6.noarch
Oct 25 00:20:54 Installed: libkadm5-1.15.1-8.43.amzn1.x86_64
Oct 25 00:20:54 Installed: krb5-workstation-1.15.1-8.43.amzn1.x86_64
Oct 25 01:12:04 Installed: 14:libpcap-1.4.0-1.20130826git2dbcaa1.10.amzn1.x86_64
Oct 25 01:12:04 Installed: 14:tcpdump-4.0.0-3.20090921gitdf3cb4.2.10.amzn1.x86_64
Oct 25 01:28:53 Installed: splunkforwarder-7.0.0-c8a78efdd40f.x86_64
Oct 25 02:50:43 Installed: 1:telnet-0.17-48.8.amzn1.x86_64
